c:\users\pedro\documents\clases\graficacion2014-4\libs\soil\projects\vc9\x64\debug\vc120.pdb
c:\users\pedro\documents\clases\graficacion2014-4\libs\soil\projects\vc9\x64\debug\vc120.idb
c:\users\pedro\documents\clases\graficacion2014-4\libs\soil\projects\vc9\x64\debug\image_dxt.obj
c:\users\pedro\documents\clases\graficacion2014-4\libs\soil\projects\vc9\x64\debug\image_helper.obj
c:\users\pedro\documents\clases\graficacion2014-4\libs\soil\projects\vc9\x64\debug\soil.obj
c:\users\pedro\documents\clases\graficacion2014-4\libs\soil\projects\vc9\x64\debug\stb_image_aug.obj
c:\users\pedro\desarrollo\libs\soil\projects\vc9\x64\debug\soil.pdb
c:\users\pedro\desarrollo\libs\soil\projects\vc9\x64\debug\soil.idb
c:\users\pedro\desarrollo\libs\soil\projects\vc9\x64\debug\image_dxt.obj
c:\users\pedro\desarrollo\libs\soil\projects\vc9\x64\debug\image_helper.obj
c:\users\pedro\desarrollo\libs\soil\projects\vc9\x64\debug\soil.obj
c:\users\pedro\desarrollo\libs\soil\projects\vc9\x64\debug\stb_image_aug.obj
c:\users\pedro\documents\clases\graficacion2014-4\libs\soil\projects\vc9\x64\debug\soil.lib
c:\users\pedro\desarrollo\libs\soil\projects\vc9\x64\debug\soil.lib
c:\users\pedro\desarrollo\libs\soil\projects\vc9\x64\debug\vc120.idb
c:\users\pedro\desarrollo\libs\soil\projects\vc9\x64\debug\vc120.pdb
c:\users\pedro\desarrollo\libs\soil\projects\vc9\x64\debug\soil.tlog\cl.command.1.tlog
c:\users\pedro\desarrollo\libs\soil\projects\vc9\x64\debug\soil.tlog\cl.read.1.tlog
c:\users\pedro\desarrollo\libs\soil\projects\vc9\x64\debug\soil.tlog\cl.write.1.tlog
c:\users\pedro\desarrollo\libs\soil\projects\vc9\x64\debug\soil.tlog\lib-link.read.1.tlog
c:\users\pedro\desarrollo\libs\soil\projects\vc9\x64\debug\soil.tlog\lib-link.write.1.tlog
c:\users\pedro\desarrollo\libs\soil\projects\vc9\x64\debug\soil.tlog\lib.command.1.tlog
