f:\users\pedro\respaldowin10\pedro\desarrollo\libs\glew\build\vc12\tmp\glew_shared\debug\win32\vc140.pdb
f:\users\pedro\respaldowin10\pedro\desarrollo\libs\glew\build\vc12\tmp\glew_shared\debug\win32\glew.obj
f:\users\pedro\respaldowin10\pedro\mydir\libs\glew\build\vc12\tmp\glew_shared\debug\win32\vc141.pdb
f:\users\pedro\respaldowin10\pedro\mydir\libs\glew\build\vc12\tmp\glew_shared\debug\win32\glew.obj
f:\users\pedro\respaldowin10\pedro\desarrollo\libs\glew\lib\debug\win32\glew32d.lib
f:\users\pedro\respaldowin10\pedro\desarrollo\libs\glew\lib\debug\win32\glew32d.exp
f:\users\pedro\respaldowin10\pedro\mydir\libs\glew\lib\debug\win32\glew32d.lib
f:\users\pedro\respaldowin10\pedro\mydir\libs\glew\lib\debug\win32\glew32d.exp
f:\users\pedro\respaldowin10\pedro\desarrollo\libs\glew\bin\debug\win32\glew32d.dll
f:\users\pedro\respaldowin10\pedro\desarrollo\libs\glew\bin\debug\win32\glew32d.pdb
f:\users\pedro\respaldowin10\pedro\mydir\libs\glew\bin\debug\win32\glew32d.dll
f:\users\pedro\respaldowin10\pedro\mydir\libs\glew\bin\debug\win32\glew32d.pdb
f:\users\pedro\respaldowin10\pedro\desarrollo\libs\glew\build\vc12\tmp\glew_shared\debug\win32\glew.res
f:\users\pedro\respaldowin10\pedro\mydir\libs\glew\build\vc12\tmp\glew_shared\debug\win32\glew.res
f:\users\pedro\respaldowin10\pedro\mydir\libs\glew\build\vc12\tmp\glew_shared\debug\win32\vc140.pdb
f:\users\pedro\respaldowin10\pedro\mydir\libs\glew\build\vc12\..\..\bin\debug\win32\glew32d.dll
f:\users\pedro\respaldowin10\pedro\mydir\libs\glew\build\vc12\tmp\glew_shared\debug\win32\glew_shared.tlog\cl.command.1.tlog
f:\users\pedro\respaldowin10\pedro\mydir\libs\glew\build\vc12\tmp\glew_shared\debug\win32\glew_shared.tlog\cl.read.1.tlog
f:\users\pedro\respaldowin10\pedro\mydir\libs\glew\build\vc12\tmp\glew_shared\debug\win32\glew_shared.tlog\cl.write.1.tlog
f:\users\pedro\respaldowin10\pedro\mydir\libs\glew\build\vc12\tmp\glew_shared\debug\win32\glew_shared.tlog\glew_shared.write.1u.tlog
f:\users\pedro\respaldowin10\pedro\mydir\libs\glew\build\vc12\tmp\glew_shared\debug\win32\glew_shared.tlog\link.command.1.tlog
f:\users\pedro\respaldowin10\pedro\mydir\libs\glew\build\vc12\tmp\glew_shared\debug\win32\glew_shared.tlog\link.delete.1.tlog
f:\users\pedro\respaldowin10\pedro\mydir\libs\glew\build\vc12\tmp\glew_shared\debug\win32\glew_shared.tlog\link.read.1.tlog
f:\users\pedro\respaldowin10\pedro\mydir\libs\glew\build\vc12\tmp\glew_shared\debug\win32\glew_shared.tlog\link.write.1.tlog
f:\users\pedro\respaldowin10\pedro\mydir\libs\glew\build\vc12\tmp\glew_shared\debug\win32\glew_shared.tlog\rc.command.1.tlog
f:\users\pedro\respaldowin10\pedro\mydir\libs\glew\build\vc12\tmp\glew_shared\debug\win32\glew_shared.tlog\rc.read.1.tlog
f:\users\pedro\respaldowin10\pedro\mydir\libs\glew\build\vc12\tmp\glew_shared\debug\win32\glew_shared.tlog\rc.write.1.tlog
